{
  "Location": "2201 S. 132nd Street, Omaha",
  "Name": "Noonshiners Club"
}
{
  "Location": "15080 A Circle, Omaha",
  "Name": "West O! Toastmasters"
}
{
  "Location": "Online, Omaha",
  "Name": "Dynamic Speakers"
}
{
  "Location": "14010 FNB Parkway, Room A/B, Omaha",
  "Name": "West Dodgers"
}
{
  "Location": "One Pacific Place, 1224 S 103rd St, Omaha",
  "Name": "Revelliers Club"
}
{
  "Location": "5015 S 118th St, Omaha",
  "Name": "FCSAmerica Toastmasters Club"
}
{
  "Location": "11830 Nicholas St., Omaha",
  "Name": "Realtalkers Club"
}
{
  "Location": "450 Regency Pkwy Ste 340, Omaha",
  "Name": "Not So Bland Toastmasters Club"
}
{
  "Location": "New York Life, 1907 S 179th St, Omaha",
  "Name": "Advanced Toastmasters of Omaha"
}
{
  "Location": "720 N 87th St, (Room varies, ask at front desk), Omaha",
  "Name": "Omaha Toastmasters Club 281"
}
{
  "Location": "720 N. 87th St., Omaha, NE 68114, Classroom #3202, Omaha",
  "Name": "NMC Voices For  Change"
}
{
  "Location": "333 Dodge Street, Omaha",
  "Name": "Roman Forum Toastmasters Club"
}
{
  "Location": "18020 Burt Street, Omaha",
  "Name": "See Us Speak"
}
{
  "Location": "7205 Dodge Street, Omaha",
  "Name": "Ad-Libbers Club"
}
{
  "Location": "7205 Dodge St, Omaha",
  "Name": "A-Rousers Toastmasters Club"
}
{
  "Location": "1919 Aksarben Dr, Omaha",
  "Name": "Blue Ah Busters Club"
}
{
  "Location": "6750 Mercy Rd, Floor 3, Omaha",
  "Name": "Pacific Life Whale Talkers"
}
{
  "Location": "1917 S 67th St, Omaha",
  "Name": "HDR Omaha Toastmasters Club"
}
{
  "Location": "14507 Frontier Rd, Omaha",
  "Name": "On Time Delivery"
}
{
  "Location": "5312 Underwood Ave, Omaha",
  "Name": "Toastmasters Club Omaha 229"
}
{
  "Location": "324 S. Jackson St, Rm B-12, Papillion",
  "Name": "River City Speakers Club"
}
{
  "Location": "1243 Golden Gate Drive, Papillion",
  "Name": "Sarpy County Chamber Toastmasters Club"
}
{
  "Location": "3300 Mutual of Omaha Plaza, Omaha",
  "Name": "Mutual of Omaha Toastmasters Club"
}
{
  "Location": "3336 Lake St, Omaha",
  "Name": "Why Not Speak"
}
{
  "Location": "1400 Douglas Street, Room 1001, Omaha",
  "Name": "Rail Talkers Club"
}
{
  "Location": "444 South 16th St Mall, Omaha",
  "Name": "OPPD Toastmasters Club"
}
{
  "Location": "https://www.meetup.com/TechTalkers, Omaha",
  "Name": "Tech Talkers"
}
{
  "Location": "1616 Capitol Avenue, Omaha",
  "Name": "Capitol Avenue Toastmasters"
}
{
  "Location": "Six ConAgra Drive, Omaha",
  "Name": "Conagra Brands - One Voice"
}
{
  "Location": "PO Box 355, Gretna",
  "Name": "Upgrade Virtually"
}
{
  "Location": "2806 Angie Dr, Bellevue",
  "Name": "Road 2 DTM"
}
{
  "Location": "See club website, See club website, Offutt AFB",
  "Name": "Offutt Toastmasters"
}
{
  "Location": "By  phone +7123269332, Council Bluffs",
  "Name": "Greater Communicators Toastmasters Club"
}
{
  "Location": "9th & Clarkson, Fremont",
  "Name": "Tally Ho Toastmasters Club"
}
{
  "Location": "5700 Fremont St, Lincoln",
  "Name": "Fairview Toastmasters Club"
}
{
  "Location": "8800 O Street, Lincoln",
  "Name": "International Friends"
}
{
  "Location": "3270 Folkways Blvd, Lincoln, Ne",
  "Name": "Southeast Toasters "
}
{
  "Location": "Nebraska East Union 1705 Arbor Dr , Lincoln",
  "Name": "E.C. Speakers Toastmasters Club"
}
{
  "Location": "2400 S 56th Street, Lincoln",
  "Name": "Capital City Toastmasters Club"
}
{
  "Location": "5135 South St, Lincoln",
  "Name": "Sunrise Toastmasters Club"
}
{
  "Location": "https://403.toastmastersclubs.org/, Lincoln",
  "Name": "Lincoln Toastmasters Club"
}
{
  "Location": "Only via zoom., Lincoln",
  "Name": "Strictly Speaking Club"
}
{
  "Location": "1144 M St, Lincoln",
  "Name": "FirsTier Club"
}
{
  "Location": "1144 M Street, Lincoln",
  "Name": "Capitol Voices Club"
}
{
  "Location": "PO Box 22500, Lincoln",
  "Name": "Innovators Toastmasters Club"
}
{
  "Location": "1500 Nebraska Hwy,  https://zoom.us/j/816328522 , Lincoln",
  "Name": "Roadtoasters Toastmasters"
}
{
  "Location": "6811 S. 27th, 1st Floor Conference Room, Lincoln",
  "Name": "Southwest Toastmasters Club"
}
{
  "Location": "1414 15th St, Columbus",
  "Name": "NPPD Toastmasters Club"
}
{
  "Location": "218 N 5th St. , Beatrice",
  "Name": "Beatrice Toastmasters Club"
}
{
  "Location": "1100 W 29th St, South Sioux City",
  "Name": "Siouxland Ciceros Club"
}
{
  "Location": "1110 South 9th Street, Norfolk",
  "Name": "Prime Time Toastmasters Club"
}
{
  "Location": "1501 NORTH 13TH STREET, NORFOLK",
  "Name": "Advanced Traveling Toastmasters"
}
{
  "Location": "101 Pierce Street, Sioux City",
  "Name": "Top O Morning Toastmasters Club"
}
{
  "Location": "800 Stevens Port Dr, Dakota Dunes",
  "Name": "Tyson Fresh Meats Toastmasters"
}
{
  "Location": "414 E Clark St, Vermillion",
  "Name": "USD - Area Yappin' Yotes Toastmasters"
}
{
  "Location": "Send request for a link , volunteernebraska@gmail.com",
  "Name": "Gateway Club"
}
{
  "Location": "800 S Jordan Creek Pkwy, West Des Moines",
  "Name": "Stagecoach Speakers"
}
{
  "Location": "6601 Westown Parkway, Suite 100, West Des Moines",
  "Name": "Regency Club"
}
{
  "Location": "6000 Westown Pkwy, West Des Moines",
  "Name": "Eagle's Voice Toastmasters Club"
}
{
  "Location": "5400 University Avenue, West Des Moines",
  "Name": "Voices in Motion Club"
}
{
  "Location": "1503 42nd St, West Des Moines",
  "Name": "Zirous Toastmasters"
}
{
  "Location": "1025 28th St, West Des Moines",
  "Name": "Greater Des Moines Toastmasters Club"
}
{
  "Location": "8631 Hickman Rd, Urbandale",
  "Name": "Opportunity Knocks Club"
}
{
  "Location": "3520 86th Street, Urbandale",
  "Name": "Los Oradores Club"
}
{
  "Location": "6400 North West 86th Street, Johnston",
  "Name": "John Deere Financial Toastmasters Club"
}
{
  "Location": "7000 NW 62nd Ave., Johnston",
  "Name": "Johnston Club"
}
{
  "Location": "5110 Franklin Ave, Des Moines",
  "Name": "Bridges Toastmasters"
}
{
  "Location": "1901 Bell Ave, Des Moines",
  "Name": "CDS Global Toasters"
}
{
  "Location": "1717 Ingersoll Avenue, Suite 111, Des Moines",
  "Name": "Talkin' Trash Toastmasters"
}
{
  "Location": "501 Summit Street, Yankton",
  "Name": "ASHH Toastmasters Club"
}
{
  "Location": "1100 Locust St, Des Moines",
  "Name": "1100 Toastmasters"
}
{
  "Location": "717 Mulberry St, Des Moines",
  "Name": "Tower Toasters Club"
}
{
  "Location": "502 W 21st St , (21st & Broadway Ave), Yankton",
  "Name": "Yankton Toastmasters Club"
}
{
  "Location": "601 6th Ave., Des Moines",
  "Name": "Prairie Voices Toastmasters"
}
{
  "Location": "3516 5th Ave, Des Moines",
  "Name": "Capital City Advanced Presenters"
}
{
  "Location": "null, Fort Dodge",
  "Name": "Fort Dodge IA Pros Club"
}
{
  "Location": "1900 Scott Ave, Des Moines",
  "Name": "Kemin Toastmasters"
}
{
  "Location": "206 SW Walnut, Ankeny",
  "Name": "Ankeny Club"
}
{
  "Location": "2229 W Lincoln Way, Ames",
  "Name": "Town And College Toastmasters Club"
}
{
  "Location": "1800 Christensen Dr, Ames",
  "Name": "CVM Toastmasters"
}
{
  "Location": "2520 Airport Drive, Ames",
  "Name": "TGIF Toastmasters Club"
}
{
  "Location": "515 Douglas Ave, Ames",
  "Name": "iToast Toastmasters Club"
}
{
  "Location": "1111 Duff Ave, Ames",
  "Name": "A Toast To Health"
}
{
  "Location": "Bondurant Community Central Library, 104 2nd Street NE (2nd & Grant St), Bondurant",
  "Name": "Positive Achievers Toastmasters Club"
}
{
  "Location": "1920 Dayton Ave., Ames",
  "Name": "Dayton Road Toastmasters Club"
}
{
  "Location": "Kansas State Student Union, Manhattan",
  "Name": "Powercat Masters"
}
{
  "Location": "629 Poyntz Ave, Manhattan",
  "Name": "Manhattan Toastmasters"
}
{
  "Location": "417 Spruce Street , Leavenworth",
  "Name": "Leavenworth Club"
}
{
  "Location": "215 Maple St, Leavenworth",
  "Name": "Empowered to Speak Toastmasters"
}
